<?xml version="1.0" encoding="UTF-8"?>
<testsuite name="org.superbiz.moviefun.albums.AlbumTest" tests="1" skipped="0" failures="0" errors="0" timestamp="2018-07-24T02:22:06" hostname="cliftons07-ThinkCentre-E93" time="0.002">
  <properties/>
  <testcase name="testIsEquivalent" classname="org.superbiz.moviefun.albums.AlbumTest" time="0.002"/>
  <system-out><![CDATA[]]></system-out>
  <system-err><![CDATA[]]></system-err>
</testsuite>
